app/build/intermediates/manifest_merge_blame_file/debug/manifest-merger-blame-debug-report.txt
1<?xml version="1.0" encoding="utf-8"?>
2<manifest xmlns:android="http://schemas.android.com/apk/res/android"
3    package="mtrec.rock.campass"
4    android:versionCode="1"
5    android:versionName="1.0" >
6
7    <uses-sdk
7-->src/main/AndroidManifest.xml:7:5-47
8        android:minSdkVersion="14"
8-->src/main/AndroidManifest.xml:7:5-47
9        android:targetSdkVersion="30" />
9-->src/main/AndroidManifest.xml:7:15-44
10
11    <application
11-->src/main/AndroidManifest.xml:9:5-24:19
12        android:allowBackup="true"
12-->src/main/AndroidManifest.xml:10:9-35
13        android:appComponentFactory="androidx.core.app.CoreComponentFactory"
13-->[androidx.core:core:1.0.0] AndroidManifest.xml:22:18-86
14        android:debuggable="true"
15        android:icon="@drawable/ic_launcher"
15-->src/main/AndroidManifest.xml:11:9-45
16        android:label="@string/app_name"
16-->src/main/AndroidManifest.xml:12:9-41
17        android:theme="@style/AppTheme" >
17-->src/main/AndroidManifest.xml:13:9-40
18        <activity
18-->src/main/AndroidManifest.xml:14:9-23:20
19            android:name="mtrec.compass.activity.MainActivity"
19-->src/main/AndroidManifest.xml:15:13-63
20            android:label="@string/app_name"
20-->src/main/AndroidManifest.xml:17:13-45
21            android:screenOrientation="portrait" >
21-->src/main/AndroidManifest.xml:16:13-49
22            <intent-filter>
22-->src/main/AndroidManifest.xml:18:13-22:29
23                <action android:name="android.intent.action.MAIN" />
23-->src/main/AndroidManifest.xml:19:17-69
23-->src/main/AndroidManifest.xml:19:25-66
24
25                <category android:name="android.intent.category.LAUNCHER" />
25-->src/main/AndroidManifest.xml:21:17-77
25-->src/main/AndroidManifest.xml:21:27-74
26            </intent-filter>
27        </activity>
28    </application>
29
30</manifest>